<?xml version="1.0" encoding="UTF-8"?>
<!-- Generated by org.testng.reporters.JUnitXMLReporter -->
<testsuite ignored="0" hostname="Ibukunoluwa-Popoola" failures="0" tests="3" name="Default test" time="61.414" errors="0" timestamp="2025-08-22T23:21:02 WAT">
  <testcase classname="testcases.Registration" name="testExistingEmailRegistration" time="14.313"/>
  <testcase classname="testcases.Registration" name="testInvalidEmailRegistration" time="17.415"/>
  <testcase classname="testcases.Registration" name="testValidRegistration" time="15.838"/>
</testsuite> <!-- Default test -->
